# JRE version: OpenJDK Runtime Environment (8.0_152-b02) (build 1.8.0_152-release-1024-b02)
# Java VM: OpenJDK 64-Bit Server VM (25.152-b02 mixed mode windows-amd64 compressed oops)
Heap:
 PSYoungGen      total 139776K, used 29083K [0x00000000e0000000, 0x00000000ead00000, 0x0000000100000000)
  eden space 102400K, 16% used [0x00000000e0000000,0x00000000e10f1020,0x00000000e6400000)
  from space 37376K, 31% used [0x00000000e6400000,0x00000000e6f75eb0,0x00000000e8880000)
  to   space 33792K, 0% used [0x00000000e8c00000,0x00000000e8c00000,0x00000000ead00000)
 ParOldGen       total 152064K, used 68544K [0x00000000a0000000, 0x00000000a9480000, 0x00000000e0000000)
  object space 152064K, 45% used [0x00000000a0000000,0x00000000a42f03e0,0x00000000a9480000)
 Metaspace       used 63848K, capacity 65135K, committed 65304K, reserved 1107968K
  class space    used 7364K, capacity 7716K, committed 7720K, reserved 1048576K
GC Heap History (10 events):
Event: 154.273 GC heap before
{Heap before GC invocations=15 (full 3):
 PSYoungGen      total 97792K, used 87705K [0x00000000e0000000, 0x00000000e9500000, 0x0000000100000000)
  eden space 70144K, 85% used [0x00000000e0000000,0x00000000e3aa6c90,0x00000000e4480000)
  from space 27648K, 99% used [0x00000000e4480000,0x00000000e5f7fb68,0x00000000e5f80000)
  to   space 35328K, 0% used [0x00000000e7280000,0x00000000e7280000,0x00000000e9500000)
 ParOldGen       total 108032K, used 37508K [0x00000000a0000000, 0x00000000a6980000, 0x00000000e0000000)
  object space 108032K, 34% used [0x00000000a0000000,0x00000000a24a1380,0x00000000a6980000)
 Metaspace       used 57861K, capacity 58939K, committed 59160K, reserved 1101824K
  class space    used 6864K, capacity 7149K, committed 7208K, reserved 1048576K
Event: 154.336 GC heap after
Heap after GC invocations=15 (full 3):
 PSYoungGen      total 112128K, used 34723K [0x00000000e0000000, 0x00000000eaa00000, 0x0000000100000000)
  eden space 76800K, 0% used [0x00000000e0000000,0x00000000e0000000,0x00000000e4b00000)
  from space 35328K, 98% used [0x00000000e7280000,0x00000000e9468eb0,0x00000000e9500000)
  to   space 40448K, 0% used [0x00000000e4b00000,0x00000000e4b00000,0x00000000e7280000)
 ParOldGen       total 108032K, used 44782K [0x00000000a0000000, 0x00000000a6980000, 0x00000000e0000000)
  object space 108032K, 41% used [0x00000000a0000000,0x00000000a2bbb9b8,0x00000000a6980000)
 Metaspace       used 57861K, capacity 58939K, committed 59160K, reserved 1101824K
  class space    used 6864K, capacity 7149K, committed 7208K, reserved 1048576K
}
Event: 154.336 GC heap before
{Heap before GC invocations=16 (full 4):
 PSYoungGen      total 112128K, used 34723K [0x00000000e0000000, 0x00000000eaa00000, 0x0000000100000000)
  eden space 76800K, 0% used [0x00000000e0000000,0x00000000e0000000,0x00000000e4b00000)
  from space 35328K, 98% used [0x00000000e7280000,0x00000000e9468eb0,0x00000000e9500000)
  to   space 40448K, 0% used [0x00000000e4b00000,0x00000000e4b00000,0x00000000e7280000)
 ParOldGen       total 108032K, used 44782K [0x00000000a0000000, 0x00000000a6980000, 0x00000000e0000000)
  object space 108032K, 41% used [0x00000000a0000000,0x00000000a2bbb9b8,0x00000000a6980000)
 Metaspace       used 57861K, capacity 58939K, committed 59160K, reserved 1101824K
  class space    used 6864K, capacity 7149K, committed 7208K, reserved 1048576K
Event: 154.542 GC heap after
Heap after GC invocations=16 (full 4):
 PSYoungGen      total 112128K, used 0K [0x00000000e0000000, 0x00000000eaa00000, 0x0000000100000000)
  eden space 76800K, 0% used [0x00000000e0000000,0x00000000e0000000,0x00000000e4b00000)
  from space 35328K, 0% used [0x00000000e7280000,0x00000000e7280000,0x00000000e9500000)
  to   space 40448K, 0% used [0x00000000e4b00000,0x00000000e4b00000,0x00000000e7280000)
 ParOldGen       total 152064K, used 40476K [0x00000000a0000000, 0x00000000a9480000, 0x00000000e0000000)
  object space 152064K, 26% used [0x00000000a0000000,0x00000000a27872e8,0x00000000a9480000)
 Metaspace       used 57847K, capacity 58921K, committed 59160K, reserved 1101824K
  class space    used 6863K, capacity 7147K, committed 7208K, reserved 1048576K
}
Event: 155.993 GC heap before
{Heap before GC invocations=17 (full 4):
 PSYoungGen      total 112128K, used 76800K [0x00000000e0000000, 0x00000000eaa00000, 0x0000000100000000)
  eden space 76800K, 100% used [0x00000000e0000000,0x00000000e4b00000,0x00000000e4b00000)
  from space 35328K, 0% used [0x00000000e7280000,0x00000000e7280000,0x00000000e9500000)
  to   space 40448K, 0% used [0x00000000e4b00000,0x00000000e4b00000,0x00000000e7280000)
 ParOldGen       total 152064K, used 40476K [0x00000000a0000000, 0x00000000a9480000, 0x00000000e0000000)
  object space 152064K, 26% used [0x00000000a0000000,0x00000000a27872e8,0x00000000a9480000)
 Metaspace       used 61364K, capacity 62479K, committed 62872K, reserved 1103872K
  class space    used 7227K, capacity 7519K, committed 7592K, reserved 1048576K
Event: 156.013 GC heap after
Heap after GC invocations=17 (full 4):
 PSYoungGen      total 117248K, used 19504K [0x00000000e0000000, 0x00000000eb280000, 0x0000000100000000)
  eden space 76800K, 0% used [0x00000000e0000000,0x00000000e0000000,0x00000000e4b00000)
  from space 40448K, 48% used [0x00000000e4b00000,0x00000000e5e0c158,0x00000000e7280000)
  to   space 39424K, 0% used [0x00000000e8c00000,0x00000000e8c00000,0x00000000eb280000)
 ParOldGen       total 152064K, used 40484K [0x00000000a0000000, 0x00000000a9480000, 0x00000000e0000000)
  object space 152064K, 26% used [0x00000000a0000000,0x00000000a27892e8,0x00000000a9480000)
 Metaspace       used 61364K, capacity 62479K, committed 62872K, reserved 1103872K
  class space    used 7227K, capacity 7519K, committed 7592K, reserved 1048576K
}
Event: 160.356 GC heap before
{Heap before GC invocations=18 (full 4):
 PSYoungGen      total 117248K, used 96304K [0x00000000e0000000, 0x00000000eb280000, 0x0000000100000000)
  eden space 76800K, 100% used [0x00000000e0000000,0x00000000e4b00000,0x00000000e4b00000)
  from space 40448K, 48% used [0x00000000e4b00000,0x00000000e5e0c158,0x00000000e7280000)
  to   space 39424K, 0% used [0x00000000e8c00000,0x00000000e8c00000,0x00000000eb280000)
 ParOldGen       total 152064K, used 40484K [0x00000000a0000000, 0x00000000a9480000, 0x00000000e0000000)
  object space 152064K, 26% used [0x00000000a0000000,0x00000000a27892e8,0x00000000a9480000)
 Metaspace       used 62018K, capacity 63191K, committed 63384K, reserved 1105920K
  class space    used 7273K, capacity 7573K, committed 7592K, reserved 1048576K
Event: 160.398 GC heap after
Heap after GC invocations=18 (full 4):
 PSYoungGen      total 136192K, used 18216K [0x00000000e0000000, 0x00000000ead00000, 0x0000000100000000)
  eden space 102400K, 0% used [0x00000000e0000000,0x00000000e0000000,0x00000000e6400000)
  from space 33792K, 53% used [0x00000000e8c00000,0x00000000e9dca278,0x00000000ead00000)
  to   space 37376K, 0% used [0x00000000e6400000,0x00000000e6400000,0x00000000e8880000)
 ParOldGen       total 152064K, used 58823K [0x00000000a0000000, 0x00000000a9480000, 0x00000000e0000000)
  object space 152064K, 38% used [0x00000000a0000000,0x00000000a3971fb8,0x00000000a9480000)
 Metaspace       used 62018K, capacity 63191K, committed 63384K, reserved 1105920K
  class space    used 7273K, capacity 7573K, committed 7592K, reserved 1048576K
}
Event: 261.266 GC heap before
{Heap before GC invocations=19 (full 4):
 PSYoungGen      total 136192K, used 120616K [0x00000000e0000000, 0x00000000ead00000, 0x0000000100000000)
  eden space 102400K, 100% used [0x00000000e0000000,0x00000000e6400000,0x00000000e6400000)
  from space 33792K, 53% used [0x00000000e8c00000,0x00000000e9dca278,0x00000000ead00000)
  to   space 37376K, 0% used [0x00000000e6400000,0x00000000e6400000,0x00000000e8880000)
 ParOldGen       total 152064K, used 58823K [0x00000000a0000000, 0x00000000a9480000, 0x00000000e0000000)
  object space 152064K, 38% used [0x00000000a0000000,0x00000000a3971fb8,0x00000000a9480000)
 Metaspace       used 63311K, capacity 64527K, committed 64792K, reserved 1105920K
  class space    used 7321K, capacity 7649K, committed 7720K, reserved 1048576K
Event: 261.287 GC heap after
Heap after GC invocations=19 (full 4):
 PSYoungGen      total 139776K, used 11735K [0x00000000e0000000, 0x00000000ead00000, 0x0000000100000000)
  eden space 102400K, 0% used [0x00000000e0000000,0x00000000e0000000,0x00000000e6400000)
  from space 37376K, 31% used [0x00000000e6400000,0x00000000e6f75eb0,0x00000000e8880000)
  to   space 33792K, 0% used [0x00000000e8c00000,0x00000000e8c00000,0x00000000ead00000)
 ParOldGen       total 152064K, used 68544K [0x00000000a0000000, 0x00000000a9480000, 0x00000000e0000000)
  object space 152064K, 45% used [0x00000000a0000000,0x00000000a42f03e0,0x00000000a9480000)
 Metaspace       used 63311K, capacity 64527K, committed 64792K, reserved 1105920K
  class space    used 7321K, capacity 7649K, committed 7720K, reserved 1048576K
}

