# JRE version: OpenJDK Runtime Environment (8.0_152-b02) (build 1.8.0_152-release-1024-b02)
# Java VM: OpenJDK 64-Bit Server VM (25.152-b02 mixed mode windows-amd64 compressed oops)
Heap:
 PSYoungGen      total 266240K, used 27767K [0x00000000e0000000, 0x00000000f2000000, 0x0000000100000000)
  eden space 253952K, 7% used [0x00000000e0000000,0x00000000e1206650,0x00000000ef800000)
  from space 12288K, 75% used [0x00000000f1400000,0x00000000f1d175d0,0x00000000f2000000)
  to   space 20480K, 0% used [0x00000000ef800000,0x00000000ef800000,0x00000000f0c00000)
 ParOldGen       total 147968K, used 37057K [0x00000000a0000000, 0x00000000a9080000, 0x00000000e0000000)
  object space 147968K, 25% used [0x00000000a0000000,0x00000000a2430758,0x00000000a9080000)
 Metaspace       used 68277K, capacity 71314K, committed 71424K, reserved 1112064K
  class space    used 9094K, capacity 9713K, committed 9728K, reserved 1048576K
GC Heap History (10 events):
Event: 14.429 GC heap before
{Heap before GC invocations=13 (full 3):
 PSYoungGen      total 207872K, used 14396K [0x00000000e0000000, 0x00000000edf80000, 0x0000000100000000)
  eden space 187904K, 0% used [0x00000000e0000000,0x00000000e0000000,0x00000000eb780000)
  from space 19968K, 72% used [0x00000000ecc00000,0x00000000eda0f008,0x00000000edf80000)
  to   space 20480K, 0% used [0x00000000eb780000,0x00000000eb780000,0x00000000ecb80000)
 ParOldGen       total 98304K, used 37582K [0x00000000a0000000, 0x00000000a6000000, 0x00000000e0000000)
  object space 98304K, 38% used [0x00000000a0000000,0x00000000a24b3b60,0x00000000a6000000)
 Metaspace       used 57143K, capacity 58880K, committed 59008K, reserved 1099776K
  class space    used 7801K, capacity 8222K, committed 8320K, reserved 1048576K
Event: 14.669 GC heap after
Heap after GC invocations=13 (full 3):
 PSYoungGen      total 207872K, used 0K [0x00000000e0000000, 0x00000000edf80000, 0x0000000100000000)
  eden space 187904K, 0% used [0x00000000e0000000,0x00000000e0000000,0x00000000eb780000)
  from space 19968K, 0% used [0x00000000ecc00000,0x00000000ecc00000,0x00000000edf80000)
  to   space 20480K, 0% used [0x00000000eb780000,0x00000000eb780000,0x00000000ecb80000)
 ParOldGen       total 147968K, used 37025K [0x00000000a0000000, 0x00000000a9080000, 0x00000000e0000000)
  object space 147968K, 25% used [0x00000000a0000000,0x00000000a2428758,0x00000000a9080000)
 Metaspace       used 57143K, capacity 58880K, committed 59008K, reserved 1099776K
  class space    used 7801K, capacity 8222K, committed 8320K, reserved 1048576K
}
Event: 19.436 GC heap before
{Heap before GC invocations=14 (full 3):
 PSYoungGen      total 207872K, used 186883K [0x00000000e0000000, 0x00000000edf80000, 0x0000000100000000)
  eden space 187904K, 99% used [0x00000000e0000000,0x00000000eb680cb8,0x00000000eb780000)
  from space 19968K, 0% used [0x00000000ecc00000,0x00000000ecc00000,0x00000000edf80000)
  to   space 20480K, 0% used [0x00000000eb780000,0x00000000eb780000,0x00000000ecb80000)
 ParOldGen       total 147968K, used 37025K [0x00000000a0000000, 0x00000000a9080000, 0x00000000e0000000)
  object space 147968K, 25% used [0x00000000a0000000,0x00000000a2428758,0x00000000a9080000)
 Metaspace       used 62844K, capacity 65022K, committed 65152K, reserved 1105920K
  class space    used 8590K, capacity 9079K, committed 9088K, reserved 1048576K
Event: 19.456 GC heap after
Heap after GC invocations=14 (full 3):
 PSYoungGen      total 208384K, used 12255K [0x00000000e0000000, 0x00000000f0280000, 0x0000000100000000)
  eden space 187904K, 0% used [0x00000000e0000000,0x00000000e0000000,0x00000000eb780000)
  from space 20480K, 59% used [0x00000000eb780000,0x00000000ec377c20,0x00000000ecb80000)
  to   space 20480K, 0% used [0x00000000eee80000,0x00000000eee80000,0x00000000f0280000)
 ParOldGen       total 147968K, used 37033K [0x00000000a0000000, 0x00000000a9080000, 0x00000000e0000000)
  object space 147968K, 25% used [0x00000000a0000000,0x00000000a242a758,0x00000000a9080000)
 Metaspace       used 62844K, capacity 65022K, committed 65152K, reserved 1105920K
  class space    used 8590K, capacity 9079K, committed 9088K, reserved 1048576K
}
Event: 21.160 GC heap before
{Heap before GC invocations=15 (full 3):
 PSYoungGen      total 208384K, used 199926K [0x00000000e0000000, 0x00000000f0280000, 0x0000000100000000)
  eden space 187904K, 99% used [0x00000000e0000000,0x00000000eb745cb0,0x00000000eb780000)
  from space 20480K, 59% used [0x00000000eb780000,0x00000000ec377c20,0x00000000ecb80000)
  to   space 20480K, 0% used [0x00000000eee80000,0x00000000eee80000,0x00000000f0280000)
 ParOldGen       total 147968K, used 37033K [0x00000000a0000000, 0x00000000a9080000, 0x00000000e0000000)
  object space 147968K, 25% used [0x00000000a0000000,0x00000000a242a758,0x00000000a9080000)
 Metaspace       used 63306K, capacity 65570K, committed 65792K, reserved 1105920K
  class space    used 8631K, capacity 9125K, committed 9216K, reserved 1048576K
Event: 21.173 GC heap after
Heap after GC invocations=15 (full 3):
 PSYoungGen      total 241152K, used 16892K [0x00000000e0000000, 0x00000000f0200000, 0x0000000100000000)
  eden space 221184K, 0% used [0x00000000e0000000,0x00000000e0000000,0x00000000ed800000)
  from space 19968K, 84% used [0x00000000eee80000,0x00000000efeff0d0,0x00000000f0200000)
  to   space 21504K, 0% used [0x00000000ed800000,0x00000000ed800000,0x00000000eed00000)
 ParOldGen       total 147968K, used 37041K [0x00000000a0000000, 0x00000000a9080000, 0x00000000e0000000)
  object space 147968K, 25% used [0x00000000a0000000,0x00000000a242c758,0x00000000a9080000)
 Metaspace       used 63306K, capacity 65570K, committed 65792K, reserved 1105920K
  class space    used 8631K, capacity 9125K, committed 9216K, reserved 1048576K
}
Event: 22.287 GC heap before
{Heap before GC invocations=16 (full 3):
 PSYoungGen      total 241152K, used 238076K [0x00000000e0000000, 0x00000000f0200000, 0x0000000100000000)
  eden space 221184K, 100% used [0x00000000e0000000,0x00000000ed800000,0x00000000ed800000)
  from space 19968K, 84% used [0x00000000eee80000,0x00000000efeff0d0,0x00000000f0200000)
  to   space 21504K, 0% used [0x00000000ed800000,0x00000000ed800000,0x00000000eed00000)
 ParOldGen       total 147968K, used 37041K [0x00000000a0000000, 0x00000000a9080000, 0x00000000e0000000)
  object space 147968K, 25% used [0x00000000a0000000,0x00000000a242c758,0x00000000a9080000)
 Metaspace       used 66559K, capacity 68920K, committed 69248K, reserved 1110016K
  class space    used 8983K, capacity 9494K, committed 9600K, reserved 1048576K
Event: 22.302 GC heap after
Heap after GC invocations=16 (full 3):
 PSYoungGen      total 242688K, used 9271K [0x00000000e0000000, 0x00000000f2880000, 0x0000000100000000)
  eden space 221184K, 0% used [0x00000000e0000000,0x00000000e0000000,0x00000000ed800000)
  from space 21504K, 43% used [0x00000000ed800000,0x00000000ee10df80,0x00000000eed00000)
  to   space 20992K, 0% used [0x00000000f1400000,0x00000000f1400000,0x00000000f2880000)
 ParOldGen       total 147968K, used 37049K [0x00000000a0000000, 0x00000000a9080000, 0x00000000e0000000)
  object space 147968K, 25% used [0x00000000a0000000,0x00000000a242e758,0x00000000a9080000)
 Metaspace       used 66559K, capacity 68920K, committed 69248K, reserved 1110016K
  class space    used 8983K, capacity 9494K, committed 9600K, reserved 1048576K
}
Event: 268.884 GC heap before
{Heap before GC invocations=17 (full 3):
 PSYoungGen      total 242688K, used 230455K [0x00000000e0000000, 0x00000000f2880000, 0x0000000100000000)
  eden space 221184K, 100% used [0x00000000e0000000,0x00000000ed800000,0x00000000ed800000)
  from space 21504K, 43% used [0x00000000ed800000,0x00000000ee10df80,0x00000000eed00000)
  to   space 20992K, 0% used [0x00000000f1400000,0x00000000f1400000,0x00000000f2880000)
 ParOldGen       total 147968K, used 37049K [0x00000000a0000000, 0x00000000a9080000, 0x00000000e0000000)
  object space 147968K, 25% used [0x00000000a0000000,0x00000000a242e758,0x00000000a9080000)
 Metaspace       used 68161K, capacity 71176K, committed 71424K, reserved 1112064K
  class space    used 9088K, capacity 9702K, committed 9728K, reserved 1048576K
Event: 268.903 GC heap after
Heap after GC invocations=17 (full 3):
 PSYoungGen      total 266240K, used 9309K [0x00000000e0000000, 0x00000000f2000000, 0x0000000100000000)
  eden space 253952K, 0% used [0x00000000e0000000,0x00000000e0000000,0x00000000ef800000)
  from space 12288K, 75% used [0x00000000f1400000,0x00000000f1d175d0,0x00000000f2000000)
  to   space 20480K, 0% used [0x00000000ef800000,0x00000000ef800000,0x00000000f0c00000)
 ParOldGen       total 147968K, used 37057K [0x00000000a0000000, 0x00000000a9080000, 0x00000000e0000000)
  object space 147968K, 25% used [0x00000000a0000000,0x00000000a2430758,0x00000000a9080000)
 Metaspace       used 68161K, capacity 71176K, committed 71424K, reserved 1112064K
  class space    used 9088K, capacity 9702K, committed 9728K, reserved 1048576K
}

