# JRE version: OpenJDK Runtime Environment (8.0_152-b02) (build 1.8.0_152-release-1024-b02)
# Java VM: OpenJDK 64-Bit Server VM (25.152-b02 mixed mode windows-amd64 compressed oops)
Heap:
 PSYoungGen      total 183296K, used 134842K [0x00000000e0000000, 0x00000000ef700000, 0x0000000100000000)
  eden space 143872K, 89% used [0x00000000e0000000,0x00000000e7d31a78,0x00000000e8c80000)
  from space 39424K, 16% used [0x00000000e8c80000,0x00000000e92fcec0,0x00000000eb300000)
  to   space 39424K, 0% used [0x00000000ed080000,0x00000000ed080000,0x00000000ef700000)
 ParOldGen       total 165376K, used 108568K [0x00000000a0000000, 0x00000000aa180000, 0x00000000e0000000)
  object space 165376K, 65% used [0x00000000a0000000,0x00000000a6a06260,0x00000000aa180000)
 Metaspace       used 70396K, capacity 71875K, committed 72216K, reserved 1114112K
  class space    used 8039K, capacity 8379K, committed 8472K, reserved 1048576K
GC Heap History (10 events):
Event: 40.143 GC heap before
{Heap before GC invocations=19 (full 4):
 PSYoungGen      total 123392K, used 97280K [0x00000000e0000000, 0x00000000e9a80000, 0x0000000100000000)
  eden space 97280K, 100% used [0x00000000e0000000,0x00000000e5f00000,0x00000000e5f00000)
  from space 26112K, 0% used [0x00000000e7b80000,0x00000000e7b80000,0x00000000e9500000)
  to   space 29184K, 0% used [0x00000000e5f00000,0x00000000e5f00000,0x00000000e7b80000)
 ParOldGen       total 165376K, used 37372K [0x00000000a0000000, 0x00000000aa180000, 0x00000000e0000000)
  object space 165376K, 22% used [0x00000000a0000000,0x00000000a247f1f0,0x00000000aa180000)
 Metaspace       used 60709K, capacity 61789K, committed 62232K, reserved 1103872K
  class space    used 7100K, capacity 7334K, committed 7448K, reserved 1048576K
Event: 40.181 GC heap after
Heap after GC invocations=19 (full 4):
 PSYoungGen      total 126464K, used 26463K [0x00000000e0000000, 0x00000000ebb00000, 0x0000000100000000)
  eden space 97280K, 0% used [0x00000000e0000000,0x00000000e0000000,0x00000000e5f00000)
  from space 29184K, 90% used [0x00000000e5f00000,0x00000000e78d7e10,0x00000000e7b80000)
  to   space 32256K, 0% used [0x00000000e9b80000,0x00000000e9b80000,0x00000000ebb00000)
 ParOldGen       total 165376K, used 37380K [0x00000000a0000000, 0x00000000aa180000, 0x00000000e0000000)
  object space 165376K, 22% used [0x00000000a0000000,0x00000000a24811f0,0x00000000aa180000)
 Metaspace       used 60709K, capacity 61789K, committed 62232K, reserved 1103872K
  class space    used 7100K, capacity 7334K, committed 7448K, reserved 1048576K
}
Event: 42.799 GC heap before
{Heap before GC invocations=20 (full 4):
 PSYoungGen      total 126464K, used 123743K [0x00000000e0000000, 0x00000000ebb00000, 0x0000000100000000)
  eden space 97280K, 100% used [0x00000000e0000000,0x00000000e5f00000,0x00000000e5f00000)
  from space 29184K, 90% used [0x00000000e5f00000,0x00000000e78d7e10,0x00000000e7b80000)
  to   space 32256K, 0% used [0x00000000e9b80000,0x00000000e9b80000,0x00000000ebb00000)
 ParOldGen       total 165376K, used 37380K [0x00000000a0000000, 0x00000000aa180000, 0x00000000e0000000)
  object space 165376K, 22% used [0x00000000a0000000,0x00000000a24811f0,0x00000000aa180000)
 Metaspace       used 61510K, capacity 62675K, committed 63000K, reserved 1105920K
  class space    used 7159K, capacity 7447K, committed 7448K, reserved 1048576K
Event: 42.888 GC heap after
Heap after GC invocations=20 (full 4):
 PSYoungGen      total 148992K, used 32237K [0x00000000e0000000, 0x00000000ed180000, 0x0000000100000000)
  eden space 116736K, 0% used [0x00000000e0000000,0x00000000e0000000,0x00000000e7200000)
  from space 32256K, 99% used [0x00000000e9b80000,0x00000000ebafb5c8,0x00000000ebb00000)
  to   space 42496K, 0% used [0x00000000e7200000,0x00000000e7200000,0x00000000e9b80000)
 ParOldGen       total 165376K, used 53392K [0x00000000a0000000, 0x00000000aa180000, 0x00000000e0000000)
  object space 165376K, 32% used [0x00000000a0000000,0x00000000a3424240,0x00000000aa180000)
 Metaspace       used 61510K, capacity 62675K, committed 63000K, reserved 1105920K
  class space    used 7159K, capacity 7447K, committed 7448K, reserved 1048576K
}
Event: 44.554 GC heap before
{Heap before GC invocations=21 (full 4):
 PSYoungGen      total 148992K, used 148973K [0x00000000e0000000, 0x00000000ed180000, 0x0000000100000000)
  eden space 116736K, 100% used [0x00000000e0000000,0x00000000e7200000,0x00000000e7200000)
  from space 32256K, 99% used [0x00000000e9b80000,0x00000000ebafb5c8,0x00000000ebb00000)
  to   space 42496K, 0% used [0x00000000e7200000,0x00000000e7200000,0x00000000e9b80000)
 ParOldGen       total 165376K, used 53392K [0x00000000a0000000, 0x00000000aa180000, 0x00000000e0000000)
  object space 165376K, 32% used [0x00000000a0000000,0x00000000a3424240,0x00000000aa180000)
 Metaspace       used 64315K, capacity 65507K, committed 65688K, reserved 1107968K
  class space    used 7544K, capacity 7807K, committed 7832K, reserved 1048576K
Event: 44.618 GC heap after
Heap after GC invocations=21 (full 4):
 PSYoungGen      total 159232K, used 18790K [0x00000000e0000000, 0x00000000ee980000, 0x0000000100000000)
  eden space 116736K, 0% used [0x00000000e0000000,0x00000000e0000000,0x00000000e7200000)
  from space 42496K, 44% used [0x00000000e7200000,0x00000000e8459920,0x00000000e9b80000)
  to   space 40448K, 0% used [0x00000000ec200000,0x00000000ec200000,0x00000000ee980000)
 ParOldGen       total 165376K, used 85430K [0x00000000a0000000, 0x00000000aa180000, 0x00000000e0000000)
  object space 165376K, 51% used [0x00000000a0000000,0x00000000a536dad8,0x00000000aa180000)
 Metaspace       used 64315K, capacity 65507K, committed 65688K, reserved 1107968K
  class space    used 7544K, capacity 7807K, committed 7832K, reserved 1048576K
}
Event: 47.856 GC heap before
{Heap before GC invocations=22 (full 4):
 PSYoungGen      total 159232K, used 135526K [0x00000000e0000000, 0x00000000ee980000, 0x0000000100000000)
  eden space 116736K, 100% used [0x00000000e0000000,0x00000000e7200000,0x00000000e7200000)
  from space 42496K, 44% used [0x00000000e7200000,0x00000000e8459920,0x00000000e9b80000)
  to   space 40448K, 0% used [0x00000000ec200000,0x00000000ec200000,0x00000000ee980000)
 ParOldGen       total 165376K, used 85430K [0x00000000a0000000, 0x00000000aa180000, 0x00000000e0000000)
  object space 165376K, 51% used [0x00000000a0000000,0x00000000a536dad8,0x00000000aa180000)
 Metaspace       used 66111K, capacity 67415K, committed 67736K, reserved 1110016K
  class space    used 7662K, capacity 7985K, committed 8088K, reserved 1048576K
Event: 47.920 GC heap after
Heap after GC invocations=22 (full 4):
 PSYoungGen      total 167936K, used 11368K [0x00000000e0000000, 0x00000000ed980000, 0x0000000100000000)
  eden space 143872K, 0% used [0x00000000e0000000,0x00000000e0000000,0x00000000e8c80000)
  from space 24064K, 47% used [0x00000000ec200000,0x00000000ecd1a018,0x00000000ed980000)
  to   space 39424K, 0% used [0x00000000e8c80000,0x00000000e8c80000,0x00000000eb300000)
 ParOldGen       total 165376K, used 99961K [0x00000000a0000000, 0x00000000aa180000, 0x00000000e0000000)
  object space 165376K, 60% used [0x00000000a0000000,0x00000000a619e4e8,0x00000000aa180000)
 Metaspace       used 66111K, capacity 67415K, committed 67736K, reserved 1110016K
  class space    used 7662K, capacity 7985K, committed 8088K, reserved 1048576K
}
Event: 56.732 GC heap before
{Heap before GC invocations=23 (full 4):
 PSYoungGen      total 167936K, used 155240K [0x00000000e0000000, 0x00000000ed980000, 0x0000000100000000)
  eden space 143872K, 100% used [0x00000000e0000000,0x00000000e8c80000,0x00000000e8c80000)
  from space 24064K, 47% used [0x00000000ec200000,0x00000000ecd1a018,0x00000000ed980000)
  to   space 39424K, 0% used [0x00000000e8c80000,0x00000000e8c80000,0x00000000eb300000)
 ParOldGen       total 165376K, used 99961K [0x00000000a0000000, 0x00000000aa180000, 0x00000000e0000000)
  object space 165376K, 60% used [0x00000000a0000000,0x00000000a619e4e8,0x00000000aa180000)
 Metaspace       used 69733K, capacity 71129K, committed 71320K, reserved 1112064K
  class space    used 7991K, capacity 8304K, committed 8344K, reserved 1048576K
Event: 56.758 GC heap after
Heap after GC invocations=23 (full 4):
 PSYoungGen      total 183296K, used 6643K [0x00000000e0000000, 0x00000000ef700000, 0x0000000100000000)
  eden space 143872K, 0% used [0x00000000e0000000,0x00000000e0000000,0x00000000e8c80000)
  from space 39424K, 16% used [0x00000000e8c80000,0x00000000e92fcec0,0x00000000eb300000)
  to   space 39424K, 0% used [0x00000000ed080000,0x00000000ed080000,0x00000000ef700000)
 ParOldGen       total 165376K, used 108568K [0x00000000a0000000, 0x00000000aa180000, 0x00000000e0000000)
  object space 165376K, 65% used [0x00000000a0000000,0x00000000a6a06260,0x00000000aa180000)
 Metaspace       used 69733K, capacity 71129K, committed 71320K, reserved 1112064K
  class space    used 7991K, capacity 8304K, committed 8344K, reserved 1048576K
}

