# JRE version: OpenJDK Runtime Environment (8.0_152-b02) (build 1.8.0_152-release-1024-b02)
# Java VM: OpenJDK 64-Bit Server VM (25.152-b02 mixed mode windows-amd64 compressed oops)
Heap:
 PSYoungGen      total 136192K, used 7888K [0x00000000d6100000, 0x00000000e1800000, 0x0000000100000000)
  eden space 131072K, 6% used [0x00000000d6100000,0x00000000d68b4308,0x00000000de100000)
  from space 5120K, 0% used [0x00000000de100000,0x00000000de100000,0x00000000de600000)
  to   space 23040K, 0% used [0x00000000e0180000,0x00000000e0180000,0x00000000e1800000)
 ParOldGen       total 65536K, used 55149K [0x0000000082200000, 0x0000000086200000, 0x00000000d6100000)
  object space 65536K, 84% used [0x0000000082200000,0x00000000857db730,0x0000000086200000)
 Metaspace       used 47304K, capacity 48165K, committed 48472K, reserved 1091584K
  class space    used 5734K, capacity 5920K, committed 6016K, reserved 1048576K
GC Heap History (10 events):
Event: 4.750 GC heap before
{Heap before GC invocations=6 (full 1):
 PSYoungGen      total 101376K, used 68055K [0x00000000d6100000, 0x00000000deb00000, 0x0000000100000000)
  eden space 96256K, 65% used [0x00000000d6100000,0x00000000d9e7c5c8,0x00000000dbf00000)
  from space 5120K, 99% used [0x00000000de600000,0x00000000deaf9650,0x00000000deb00000)
  to   space 5120K, 0% used [0x00000000de100000,0x00000000de100000,0x00000000de600000)
 ParOldGen       total 62464K, used 19780K [0x0000000082200000, 0x0000000085f00000, 0x00000000d6100000)
  object space 62464K, 31% used [0x0000000082200000,0x00000000835513e8,0x0000000085f00000)
 Metaspace       used 34654K, capacity 35121K, committed 35416K, reserved 1081344K
  class space    used 4287K, capacity 4424K, committed 4480K, reserved 1048576K
Event: 4.774 GC heap after
Heap after GC invocations=6 (full 1):
 PSYoungGen      total 136192K, used 5109K [0x00000000d6100000, 0x00000000e1800000, 0x0000000100000000)
  eden space 131072K, 0% used [0x00000000d6100000,0x00000000d6100000,0x00000000de100000)
  from space 5120K, 99% used [0x00000000de100000,0x00000000de5fd660,0x00000000de600000)
  to   space 23040K, 0% used [0x00000000e0180000,0x00000000e0180000,0x00000000e1800000)
 ParOldGen       total 62464K, used 35353K [0x0000000082200000, 0x0000000085f00000, 0x00000000d6100000)
  object space 62464K, 56% used [0x0000000082200000,0x00000000844866e8,0x0000000085f00000)
 Metaspace       used 34654K, capacity 35121K, committed 35416K, reserved 1081344K
  class space    used 4287K, capacity 4424K, committed 4480K, reserved 1048576K
}
Event: 4.774 GC heap before
{Heap before GC invocations=7 (full 2):
 PSYoungGen      total 136192K, used 5109K [0x00000000d6100000, 0x00000000e1800000, 0x0000000100000000)
  eden space 131072K, 0% used [0x00000000d6100000,0x00000000d6100000,0x00000000de100000)
  from space 5120K, 99% used [0x00000000de100000,0x00000000de5fd660,0x00000000de600000)
  to   space 23040K, 0% used [0x00000000e0180000,0x00000000e0180000,0x00000000e1800000)
 ParOldGen       total 62464K, used 35353K [0x0000000082200000, 0x0000000085f00000, 0x00000000d6100000)
  object space 62464K, 56% used [0x0000000082200000,0x00000000844866e8,0x0000000085f00000)
 Metaspace       used 34654K, capacity 35121K, committed 35416K, reserved 1081344K
  class space    used 4287K, capacity 4424K, committed 4480K, reserved 1048576K
Event: 4.972 GC heap after
Heap after GC invocations=7 (full 2):
 PSYoungGen      total 136192K, used 0K [0x00000000d6100000, 0x00000000e1800000, 0x0000000100000000)
  eden space 131072K, 0% used [0x00000000d6100000,0x00000000d6100000,0x00000000de100000)
  from space 5120K, 0% used [0x00000000de100000,0x00000000de100000,0x00000000de600000)
  to   space 23040K, 0% used [0x00000000e0180000,0x00000000e0180000,0x00000000e1800000)
 ParOldGen       total 62464K, used 34405K [0x0000000082200000, 0x0000000085f00000, 0x00000000d6100000)
  object space 62464K, 55% used [0x0000000082200000,0x0000000084399760,0x0000000085f00000)
 Metaspace       used 34654K, capacity 35121K, committed 35416K, reserved 1081344K
  class space    used 4287K, capacity 4424K, committed 4480K, reserved 1048576K
}
Event: 7.945 GC heap before
{Heap before GC invocations=8 (full 2):
 PSYoungGen      total 136192K, used 131072K [0x00000000d6100000, 0x00000000e1800000, 0x0000000100000000)
  eden space 131072K, 100% used [0x00000000d6100000,0x00000000de100000,0x00000000de100000)
  from space 5120K, 0% used [0x00000000de100000,0x00000000de100000,0x00000000de600000)
  to   space 23040K, 0% used [0x00000000e0180000,0x00000000e0180000,0x00000000e1800000)
 ParOldGen       total 62464K, used 34405K [0x0000000082200000, 0x0000000085f00000, 0x00000000d6100000)
  object space 62464K, 55% used [0x0000000082200000,0x0000000084399760,0x0000000085f00000)
 Metaspace       used 41317K, capacity 42077K, committed 42456K, reserved 1087488K
  class space    used 5098K, capacity 5294K, committed 5376K, reserved 1048576K
Event: 7.991 GC heap after
Heap after GC invocations=8 (full 2):
 PSYoungGen      total 154112K, used 23039K [0x00000000d6100000, 0x00000000e1800000, 0x0000000100000000)
  eden space 131072K, 0% used [0x00000000d6100000,0x00000000d6100000,0x00000000de100000)
  from space 23040K, 99% used [0x00000000e0180000,0x00000000e17ffde8,0x00000000e1800000)
  to   space 5120K, 0% used [0x00000000de100000,0x00000000de100000,0x00000000de600000)
 ParOldGen       total 62464K, used 35718K [0x0000000082200000, 0x0000000085f00000, 0x00000000d6100000)
  object space 62464K, 57% used [0x0000000082200000,0x00000000844e1a68,0x0000000085f00000)
 Metaspace       used 41317K, capacity 42077K, committed 42456K, reserved 1087488K
  class space    used 5098K, capacity 5294K, committed 5376K, reserved 1048576K
}
Event: 12.496 GC heap before
{Heap before GC invocations=9 (full 2):
 PSYoungGen      total 154112K, used 154111K [0x00000000d6100000, 0x00000000e1800000, 0x0000000100000000)
  eden space 131072K, 100% used [0x00000000d6100000,0x00000000de100000,0x00000000de100000)
  from space 23040K, 99% used [0x00000000e0180000,0x00000000e17ffde8,0x00000000e1800000)
  to   space 5120K, 0% used [0x00000000de100000,0x00000000de100000,0x00000000de600000)
 ParOldGen       total 62464K, used 35718K [0x0000000082200000, 0x0000000085f00000, 0x00000000d6100000)
  object space 62464K, 57% used [0x0000000082200000,0x00000000844e1a68,0x0000000085f00000)
 Metaspace       used 47244K, capacity 48095K, committed 48472K, reserved 1091584K
  class space    used 5732K, capacity 5919K, committed 6016K, reserved 1048576K
Event: 12.543 GC heap after
Heap after GC invocations=9 (full 2):
 PSYoungGen      total 136192K, used 5120K [0x00000000d6100000, 0x00000000e1800000, 0x0000000100000000)
  eden space 131072K, 0% used [0x00000000d6100000,0x00000000d6100000,0x00000000de100000)
  from space 5120K, 100% used [0x00000000de100000,0x00000000de600000,0x00000000de600000)
  to   space 23040K, 0% used [0x00000000e0180000,0x00000000e0180000,0x00000000e1800000)
 ParOldGen       total 65536K, used 64332K [0x0000000082200000, 0x0000000086200000, 0x00000000d6100000)
  object space 65536K, 98% used [0x0000000082200000,0x00000000860d3370,0x0000000086200000)
 Metaspace       used 47244K, capacity 48095K, committed 48472K, reserved 1091584K
  class space    used 5732K, capacity 5919K, committed 6016K, reserved 1048576K
}
Event: 12.543 GC heap before
{Heap before GC invocations=10 (full 3):
 PSYoungGen      total 136192K, used 5120K [0x00000000d6100000, 0x00000000e1800000, 0x0000000100000000)
  eden space 131072K, 0% used [0x00000000d6100000,0x00000000d6100000,0x00000000de100000)
  from space 5120K, 100% used [0x00000000de100000,0x00000000de600000,0x00000000de600000)
  to   space 23040K, 0% used [0x00000000e0180000,0x00000000e0180000,0x00000000e1800000)
 ParOldGen       total 65536K, used 64332K [0x0000000082200000, 0x0000000086200000, 0x00000000d6100000)
  object space 65536K, 98% used [0x0000000082200000,0x00000000860d3370,0x0000000086200000)
 Metaspace       used 47244K, capacity 48095K, committed 48472K, reserved 1091584K
  class space    used 5732K, capacity 5919K, committed 6016K, reserved 1048576K
Event: 12.967 GC heap after
Heap after GC invocations=10 (full 3):
 PSYoungGen      total 136192K, used 0K [0x00000000d6100000, 0x00000000e1800000, 0x0000000100000000)
  eden space 131072K, 0% used [0x00000000d6100000,0x00000000d6100000,0x00000000de100000)
  from space 5120K, 0% used [0x00000000de100000,0x00000000de100000,0x00000000de600000)
  to   space 23040K, 0% used [0x00000000e0180000,0x00000000e0180000,0x00000000e1800000)
 ParOldGen       total 65536K, used 55149K [0x0000000082200000, 0x0000000086200000, 0x00000000d6100000)
  object space 65536K, 84% used [0x0000000082200000,0x00000000857db730,0x0000000086200000)
 Metaspace       used 47244K, capacity 48095K, committed 48472K, reserved 1091584K
  class space    used 5732K, capacity 5919K, committed 6016K, reserved 1048576K
}

