# JRE version: OpenJDK Runtime Environment (8.0_152-b02) (build 1.8.0_152-release-1024-b02)
# Java VM: OpenJDK 64-Bit Server VM (25.152-b02 mixed mode windows-amd64 compressed oops)
Heap:
 PSYoungGen      total 102400K, used 47181K [0x00000000e0000000, 0x00000000e8800000, 0x0000000100000000)
  eden space 76800K, 28% used [0x00000000e0000000,0x00000000e15151d0,0x00000000e4b00000)
  from space 25600K, 99% used [0x00000000e6700000,0x00000000e7ffe2d0,0x00000000e8000000)
  to   space 28672K, 0% used [0x00000000e4b00000,0x00000000e4b00000,0x00000000e6700000)
 ParOldGen       total 125440K, used 50187K [0x00000000a0000000, 0x00000000a7a80000, 0x00000000e0000000)
  object space 125440K, 40% used [0x00000000a0000000,0x00000000a3102c08,0x00000000a7a80000)
 Metaspace       used 56934K, capacity 58005K, committed 58288K, reserved 1099776K
  class space    used 6806K, capacity 7077K, committed 7088K, reserved 1048576K
GC Heap History (10 events):
Event: 7.612 GC heap before
{Heap before GC invocations=9 (full 3):
 PSYoungGen      total 60928K, used 5108K [0x00000000e0000000, 0x00000000e9200000, 0x0000000100000000)
  eden space 55808K, 0% used [0x00000000e0000000,0x00000000e0000000,0x00000000e3680000)
  from space 5120K, 99% used [0x00000000e4f80000,0x00000000e547d370,0x00000000e5480000)
  to   space 25600K, 0% used [0x00000000e3680000,0x00000000e3680000,0x00000000e4f80000)
 ParOldGen       total 67584K, used 45887K [0x00000000a0000000, 0x00000000a4200000, 0x00000000e0000000)
  object space 67584K, 67% used [0x00000000a0000000,0x00000000a2ccfce0,0x00000000a4200000)
 Metaspace       used 34625K, capacity 35121K, committed 35496K, reserved 1081344K
  class space    used 4392K, capacity 4564K, committed 4656K, reserved 1048576K
Event: 7.727 GC heap after
Heap after GC invocations=9 (full 3):
 PSYoungGen      total 60928K, used 0K [0x00000000e0000000, 0x00000000e9200000, 0x0000000100000000)
  eden space 55808K, 0% used [0x00000000e0000000,0x00000000e0000000,0x00000000e3680000)
  from space 5120K, 0% used [0x00000000e4f80000,0x00000000e4f80000,0x00000000e5480000)
  to   space 25600K, 0% used [0x00000000e3680000,0x00000000e3680000,0x00000000e4f80000)
 ParOldGen       total 125440K, used 25354K [0x00000000a0000000, 0x00000000a7a80000, 0x00000000e0000000)
  object space 125440K, 20% used [0x00000000a0000000,0x00000000a18c2bf0,0x00000000a7a80000)
 Metaspace       used 34625K, capacity 35121K, committed 35496K, reserved 1081344K
  class space    used 4392K, capacity 4564K, committed 4656K, reserved 1048576K
}
Event: 9.113 GC heap before
{Heap before GC invocations=10 (full 3):
 PSYoungGen      total 60928K, used 55808K [0x00000000e0000000, 0x00000000e9200000, 0x0000000100000000)
  eden space 55808K, 100% used [0x00000000e0000000,0x00000000e3680000,0x00000000e3680000)
  from space 5120K, 0% used [0x00000000e4f80000,0x00000000e4f80000,0x00000000e5480000)
  to   space 25600K, 0% used [0x00000000e3680000,0x00000000e3680000,0x00000000e4f80000)
 ParOldGen       total 125440K, used 25354K [0x00000000a0000000, 0x00000000a7a80000, 0x00000000e0000000)
  object space 125440K, 20% used [0x00000000a0000000,0x00000000a18c2bf0,0x00000000a7a80000)
 Metaspace       used 41109K, capacity 41771K, committed 42288K, reserved 1085440K
  class space    used 5175K, capacity 5347K, committed 5424K, reserved 1048576K
Event: 9.132 GC heap after
Heap after GC invocations=10 (full 3):
 PSYoungGen      total 81408K, used 15999K [0x00000000e0000000, 0x00000000e8000000, 0x0000000100000000)
  eden space 55808K, 0% used [0x00000000e0000000,0x00000000e0000000,0x00000000e3680000)
  from space 25600K, 62% used [0x00000000e3680000,0x00000000e461ff50,0x00000000e4f80000)
  to   space 25600K, 0% used [0x00000000e6700000,0x00000000e6700000,0x00000000e8000000)
 ParOldGen       total 125440K, used 25362K [0x00000000a0000000, 0x00000000a7a80000, 0x00000000e0000000)
  object space 125440K, 20% used [0x00000000a0000000,0x00000000a18c4bf0,0x00000000a7a80000)
 Metaspace       used 41109K, capacity 41771K, committed 42288K, reserved 1085440K
  class space    used 5175K, capacity 5347K, committed 5424K, reserved 1048576K
}
Event: 10.101 GC heap before
{Heap before GC invocations=11 (full 3):
 PSYoungGen      total 81408K, used 71807K [0x00000000e0000000, 0x00000000e8000000, 0x0000000100000000)
  eden space 55808K, 100% used [0x00000000e0000000,0x00000000e3680000,0x00000000e3680000)
  from space 25600K, 62% used [0x00000000e3680000,0x00000000e461ff50,0x00000000e4f80000)
  to   space 25600K, 0% used [0x00000000e6700000,0x00000000e6700000,0x00000000e8000000)
 ParOldGen       total 125440K, used 25362K [0x00000000a0000000, 0x00000000a7a80000, 0x00000000e0000000)
  object space 125440K, 20% used [0x00000000a0000000,0x00000000a18c4bf0,0x00000000a7a80000)
 Metaspace       used 43314K, capacity 44021K, committed 44464K, reserved 1087488K
  class space    used 5354K, capacity 5520K, committed 5552K, reserved 1048576K
Event: 10.127 GC heap after
Heap after GC invocations=11 (full 3):
 PSYoungGen      total 102400K, used 22634K [0x00000000e0000000, 0x00000000e8800000, 0x0000000100000000)
  eden space 76800K, 0% used [0x00000000e0000000,0x00000000e0000000,0x00000000e4b00000)
  from space 25600K, 88% used [0x00000000e6700000,0x00000000e7d1aa58,0x00000000e8000000)
  to   space 28672K, 0% used [0x00000000e4b00000,0x00000000e4b00000,0x00000000e6700000)
 ParOldGen       total 125440K, used 25370K [0x00000000a0000000, 0x00000000a7a80000, 0x00000000e0000000)
  object space 125440K, 20% used [0x00000000a0000000,0x00000000a18c6bf0,0x00000000a7a80000)
 Metaspace       used 43314K, capacity 44021K, committed 44464K, reserved 1087488K
  class space    used 5354K, capacity 5520K, committed 5552K, reserved 1048576K
}
Event: 13.562 GC heap before
{Heap before GC invocations=12 (full 3):
 PSYoungGen      total 102400K, used 99434K [0x00000000e0000000, 0x00000000e8800000, 0x0000000100000000)
  eden space 76800K, 100% used [0x00000000e0000000,0x00000000e4b00000,0x00000000e4b00000)
  from space 25600K, 88% used [0x00000000e6700000,0x00000000e7d1aa58,0x00000000e8000000)
  to   space 28672K, 0% used [0x00000000e4b00000,0x00000000e4b00000,0x00000000e6700000)
 ParOldGen       total 125440K, used 25370K [0x00000000a0000000, 0x00000000a7a80000, 0x00000000e0000000)
  object space 125440K, 20% used [0x00000000a0000000,0x00000000a18c6bf0,0x00000000a7a80000)
 Metaspace       used 52715K, capacity 53703K, committed 54064K, reserved 1097728K
  class space    used 6434K, capacity 6676K, committed 6704K, reserved 1048576K
Event: 13.600 GC heap after
Heap after GC invocations=12 (full 3):
 PSYoungGen      total 105472K, used 28658K [0x00000000e0000000, 0x00000000e8800000, 0x0000000100000000)
  eden space 76800K, 0% used [0x00000000e0000000,0x00000000e0000000,0x00000000e4b00000)
  from space 28672K, 99% used [0x00000000e4b00000,0x00000000e66fc958,0x00000000e6700000)
  to   space 25600K, 0% used [0x00000000e6700000,0x00000000e6700000,0x00000000e8000000)
 ParOldGen       total 125440K, used 28182K [0x00000000a0000000, 0x00000000a7a80000, 0x00000000e0000000)
  object space 125440K, 22% used [0x00000000a0000000,0x00000000a1b85868,0x00000000a7a80000)
 Metaspace       used 52715K, capacity 53703K, committed 54064K, reserved 1097728K
  class space    used 6434K, capacity 6676K, committed 6704K, reserved 1048576K
}
Event: 15.613 GC heap before
{Heap before GC invocations=13 (full 3):
 PSYoungGen      total 105472K, used 105458K [0x00000000e0000000, 0x00000000e8800000, 0x0000000100000000)
  eden space 76800K, 100% used [0x00000000e0000000,0x00000000e4b00000,0x00000000e4b00000)
  from space 28672K, 99% used [0x00000000e4b00000,0x00000000e66fc958,0x00000000e6700000)
  to   space 25600K, 0% used [0x00000000e6700000,0x00000000e6700000,0x00000000e8000000)
 ParOldGen       total 125440K, used 28182K [0x00000000a0000000, 0x00000000a7a80000, 0x00000000e0000000)
  object space 125440K, 22% used [0x00000000a0000000,0x00000000a1b85868,0x00000000a7a80000)
 Metaspace       used 54207K, capacity 55161K, committed 55472K, reserved 1097728K
  class space    used 6534K, capacity 6774K, committed 6832K, reserved 1048576K
Event: 15.668 GC heap after
Heap after GC invocations=13 (full 3):
 PSYoungGen      total 102400K, used 25592K [0x00000000e0000000, 0x00000000e8800000, 0x0000000100000000)
  eden space 76800K, 0% used [0x00000000e0000000,0x00000000e0000000,0x00000000e4b00000)
  from space 25600K, 99% used [0x00000000e6700000,0x00000000e7ffe2d0,0x00000000e8000000)
  to   space 28672K, 0% used [0x00000000e4b00000,0x00000000e4b00000,0x00000000e6700000)
 ParOldGen       total 125440K, used 50187K [0x00000000a0000000, 0x00000000a7a80000, 0x00000000e0000000)
  object space 125440K, 40% used [0x00000000a0000000,0x00000000a3102c08,0x00000000a7a80000)
 Metaspace       used 54207K, capacity 55161K, committed 55472K, reserved 1097728K
  class space    used 6534K, capacity 6774K, committed 6832K, reserved 1048576K
}

