# JRE version: OpenJDK Runtime Environment (8.0_152-b02) (build 1.8.0_152-release-1024-b02)
# Java VM: OpenJDK 64-Bit Server VM (25.152-b02 mixed mode windows-amd64 compressed oops)
Heap:
 PSYoungGen      total 103936K, used 90739K [0x00000000e0000000, 0x00000000ea480000, 0x0000000100000000)
  eden space 86528K, 84% used [0x00000000e0000000,0x00000000e479e9c0,0x00000000e5480000)
  from space 17408K, 99% used [0x00000000e5480000,0x00000000e657e330,0x00000000e6580000)
  to   space 22528K, 0% used [0x00000000e8e80000,0x00000000e8e80000,0x00000000ea480000)
 ParOldGen       total 114176K, used 31738K [0x00000000a0000000, 0x00000000a6f80000, 0x00000000e0000000)
  object space 114176K, 27% used [0x00000000a0000000,0x00000000a1efeab8,0x00000000a6f80000)
 Metaspace       used 46430K, capacity 47259K, committed 47792K, reserved 1091584K
  class space    used 5746K, capacity 5937K, committed 6064K, reserved 1048576K
GC Heap History (10 events):
Event: 6.467 GC heap before
{Heap before GC invocations=6 (full 2):
 PSYoungGen      total 37888K, used 32768K [0x00000000e0000000, 0x00000000e4a00000, 0x0000000100000000)
  eden space 32768K, 100% used [0x00000000e0000000,0x00000000e2000000,0x00000000e2000000)
  from space 5120K, 0% used [0x00000000e2000000,0x00000000e2000000,0x00000000e2500000)
  to   space 5120K, 0% used [0x00000000e4500000,0x00000000e4500000,0x00000000e4a00000)
 ParOldGen       total 64512K, used 10363K [0x00000000a0000000, 0x00000000a3f00000, 0x00000000e0000000)
  object space 64512K, 16% used [0x00000000a0000000,0x00000000a0a1efc8,0x00000000a3f00000)
 Metaspace       used 23963K, capacity 24296K, committed 24752K, reserved 1071104K
  class space    used 3031K, capacity 3122K, committed 3248K, reserved 1048576K
Event: 6.532 GC heap after
Heap after GC invocations=6 (full 2):
 PSYoungGen      total 62464K, used 5090K [0x00000000e0000000, 0x00000000e4a00000, 0x0000000100000000)
  eden space 57344K, 0% used [0x00000000e0000000,0x00000000e0000000,0x00000000e3800000)
  from space 5120K, 99% used [0x00000000e4500000,0x00000000e49f8958,0x00000000e4a00000)
  to   space 5120K, 0% used [0x00000000e4000000,0x00000000e4000000,0x00000000e4500000)
 ParOldGen       total 64512K, used 13265K [0x00000000a0000000, 0x00000000a3f00000, 0x00000000e0000000)
  object space 64512K, 20% used [0x00000000a0000000,0x00000000a0cf4758,0x00000000a3f00000)
 Metaspace       used 23963K, capacity 24296K, committed 24752K, reserved 1071104K
  class space    used 3031K, capacity 3122K, committed 3248K, reserved 1048576K
}
Event: 8.730 GC heap before
{Heap before GC invocations=7 (full 2):
 PSYoungGen      total 62464K, used 62434K [0x00000000e0000000, 0x00000000e4a00000, 0x0000000100000000)
  eden space 57344K, 100% used [0x00000000e0000000,0x00000000e3800000,0x00000000e3800000)
  from space 5120K, 99% used [0x00000000e4500000,0x00000000e49f8958,0x00000000e4a00000)
  to   space 5120K, 0% used [0x00000000e4000000,0x00000000e4000000,0x00000000e4500000)
 ParOldGen       total 64512K, used 13265K [0x00000000a0000000, 0x00000000a3f00000, 0x00000000e0000000)
  object space 64512K, 20% used [0x00000000a0000000,0x00000000a0cf4758,0x00000000a3f00000)
 Metaspace       used 29068K, capacity 29551K, committed 29872K, reserved 1075200K
  class space    used 3745K, capacity 3911K, committed 4016K, reserved 1048576K
Event: 8.752 GC heap after
Heap after GC invocations=7 (full 2):
 PSYoungGen      total 70656K, used 5108K [0x00000000e0000000, 0x00000000e6a80000, 0x0000000100000000)
  eden space 65536K, 0% used [0x00000000e0000000,0x00000000e0000000,0x00000000e4000000)
  from space 5120K, 99% used [0x00000000e4000000,0x00000000e44fd370,0x00000000e4500000)
  to   space 5120K, 0% used [0x00000000e6580000,0x00000000e6580000,0x00000000e6a80000)
 ParOldGen       total 64512K, used 21583K [0x00000000a0000000, 0x00000000a3f00000, 0x00000000e0000000)
  object space 64512K, 33% used [0x00000000a0000000,0x00000000a1513ef8,0x00000000a3f00000)
 Metaspace       used 29068K, capacity 29551K, committed 29872K, reserved 1075200K
  class space    used 3745K, capacity 3911K, committed 4016K, reserved 1048576K
}
Event: 9.489 GC heap before
{Heap before GC invocations=8 (full 2):
 PSYoungGen      total 70656K, used 39294K [0x00000000e0000000, 0x00000000e6a80000, 0x0000000100000000)
  eden space 65536K, 52% used [0x00000000e0000000,0x00000000e2162768,0x00000000e4000000)
  from space 5120K, 99% used [0x00000000e4000000,0x00000000e44fd370,0x00000000e4500000)
  to   space 5120K, 0% used [0x00000000e6580000,0x00000000e6580000,0x00000000e6a80000)
 ParOldGen       total 64512K, used 21583K [0x00000000a0000000, 0x00000000a3f00000, 0x00000000e0000000)
  object space 64512K, 33% used [0x00000000a0000000,0x00000000a1513ef8,0x00000000a3f00000)
 Metaspace       used 34659K, capacity 35163K, committed 35496K, reserved 1081344K
  class space    used 4407K, capacity 4559K, committed 4656K, reserved 1048576K
Event: 9.503 GC heap after
Heap after GC invocations=8 (full 2):
 PSYoungGen      total 91648K, used 5108K [0x00000000e0000000, 0x00000000e8f00000, 0x0000000100000000)
  eden space 86528K, 0% used [0x00000000e0000000,0x00000000e0000000,0x00000000e5480000)
  from space 5120K, 99% used [0x00000000e6580000,0x00000000e6a7d370,0x00000000e6a80000)
  to   space 17408K, 0% used [0x00000000e5480000,0x00000000e5480000,0x00000000e6580000)
 ParOldGen       total 64512K, used 30987K [0x00000000a0000000, 0x00000000a3f00000, 0x00000000e0000000)
  object space 64512K, 48% used [0x00000000a0000000,0x00000000a1e42e20,0x00000000a3f00000)
 Metaspace       used 34659K, capacity 35163K, committed 35496K, reserved 1081344K
  class space    used 4407K, capacity 4559K, committed 4656K, reserved 1048576K
}
Event: 9.503 GC heap before
{Heap before GC invocations=9 (full 3):
 PSYoungGen      total 91648K, used 5108K [0x00000000e0000000, 0x00000000e8f00000, 0x0000000100000000)
  eden space 86528K, 0% used [0x00000000e0000000,0x00000000e0000000,0x00000000e5480000)
  from space 5120K, 99% used [0x00000000e6580000,0x00000000e6a7d370,0x00000000e6a80000)
  to   space 17408K, 0% used [0x00000000e5480000,0x00000000e5480000,0x00000000e6580000)
 ParOldGen       total 64512K, used 30987K [0x00000000a0000000, 0x00000000a3f00000, 0x00000000e0000000)
  object space 64512K, 48% used [0x00000000a0000000,0x00000000a1e42e20,0x00000000a3f00000)
 Metaspace       used 34659K, capacity 35163K, committed 35496K, reserved 1081344K
  class space    used 4407K, capacity 4559K, committed 4656K, reserved 1048576K
Event: 9.685 GC heap after
Heap after GC invocations=9 (full 3):
 PSYoungGen      total 91648K, used 0K [0x00000000e0000000, 0x00000000e8f00000, 0x0000000100000000)
  eden space 86528K, 0% used [0x00000000e0000000,0x00000000e0000000,0x00000000e5480000)
  from space 5120K, 0% used [0x00000000e6580000,0x00000000e6580000,0x00000000e6a80000)
  to   space 17408K, 0% used [0x00000000e5480000,0x00000000e5480000,0x00000000e6580000)
 ParOldGen       total 114176K, used 27606K [0x00000000a0000000, 0x00000000a6f80000, 0x00000000e0000000)
  object space 114176K, 24% used [0x00000000a0000000,0x00000000a1af5870,0x00000000a6f80000)
 Metaspace       used 34659K, capacity 35163K, committed 35496K, reserved 1081344K
  class space    used 4407K, capacity 4559K, committed 4656K, reserved 1048576K
}
Event: 12.561 GC heap before
{Heap before GC invocations=10 (full 3):
 PSYoungGen      total 91648K, used 86528K [0x00000000e0000000, 0x00000000e8f00000, 0x0000000100000000)
  eden space 86528K, 100% used [0x00000000e0000000,0x00000000e5480000,0x00000000e5480000)
  from space 5120K, 0% used [0x00000000e6580000,0x00000000e6580000,0x00000000e6a80000)
  to   space 17408K, 0% used [0x00000000e5480000,0x00000000e5480000,0x00000000e6580000)
 ParOldGen       total 114176K, used 27606K [0x00000000a0000000, 0x00000000a6f80000, 0x00000000e0000000)
  object space 114176K, 24% used [0x00000000a0000000,0x00000000a1af5870,0x00000000a6f80000)
 Metaspace       used 41640K, capacity 42297K, committed 42800K, reserved 1087488K
  class space    used 5169K, capacity 5336K, committed 5424K, reserved 1048576K
Event: 12.598 GC heap after
Heap after GC invocations=10 (full 3):
 PSYoungGen      total 103936K, used 17400K [0x00000000e0000000, 0x00000000ea480000, 0x0000000100000000)
  eden space 86528K, 0% used [0x00000000e0000000,0x00000000e0000000,0x00000000e5480000)
  from space 17408K, 99% used [0x00000000e5480000,0x00000000e657e330,0x00000000e6580000)
  to   space 22528K, 0% used [0x00000000e8e80000,0x00000000e8e80000,0x00000000ea480000)
 ParOldGen       total 114176K, used 31738K [0x00000000a0000000, 0x00000000a6f80000, 0x00000000e0000000)
  object space 114176K, 27% used [0x00000000a0000000,0x00000000a1efeab8,0x00000000a6f80000)
 Metaspace       used 41640K, capacity 42297K, committed 42800K, reserved 1087488K
  class space    used 5169K, capacity 5336K, committed 5424K, reserved 1048576K
}

