# JRE version: OpenJDK Runtime Environment (8.0_152-b02) (build 1.8.0_152-release-1024-b02)
# Java VM: OpenJDK 64-Bit Server VM (25.152-b02 mixed mode windows-amd64 compressed oops)
Heap:
 PSYoungGen      total 270336K, used 220124K [0x00000000e0000000, 0x00000000f2a00000, 0x0000000100000000)
  eden space 263168K, 80% used [0x00000000e0000000,0x00000000ecffeb58,0x00000000f0100000)
  from space 7168K, 99% used [0x00000000f0100000,0x00000000f07f8530,0x00000000f0800000)
  to   space 20992K, 0% used [0x00000000f1580000,0x00000000f1580000,0x00000000f2a00000)
 ParOldGen       total 144896K, used 58041K [0x00000000a0000000, 0x00000000a8d80000, 0x00000000e0000000)
  object space 144896K, 40% used [0x00000000a0000000,0x00000000a38ae650,0x00000000a8d80000)
 Metaspace       used 89079K, capacity 92761K, committed 93184K, reserved 1130496K
  class space    used 11409K, capacity 12134K, committed 12288K, reserved 1048576K
GC Heap History (10 events):
Event: 7559.749 GC heap before
{Heap before GC invocations=21 (full 3):
 PSYoungGen      total 246784K, used 230000K [0x00000000e0000000, 0x00000000f3300000, 0x0000000100000000)
  eden space 224256K, 100% used [0x00000000e0000000,0x00000000edb00000,0x00000000edb00000)
  from space 22528K, 25% used [0x00000000edb00000,0x00000000ee09c138,0x00000000ef100000)
  to   space 22528K, 0% used [0x00000000f1d00000,0x00000000f1d00000,0x00000000f3300000)
 ParOldGen       total 144896K, used 55566K [0x00000000a0000000, 0x00000000a8d80000, 0x00000000e0000000)
  object space 144896K, 38% used [0x00000000a0000000,0x00000000a3643980,0x00000000a8d80000)
 Metaspace       used 71974K, capacity 75171K, committed 75264K, reserved 1114112K
  class space    used 9478K, capacity 10200K, committed 10240K, reserved 1048576K
Event: 7559.769 GC heap after
Heap after GC invocations=21 (full 3):
 PSYoungGen      total 277504K, used 8896K [0x00000000e0000000, 0x00000000f2b00000, 0x0000000100000000)
  eden space 263168K, 0% used [0x00000000e0000000,0x00000000e0000000,0x00000000f0100000)
  from space 14336K, 62% used [0x00000000f1d00000,0x00000000f25b02a0,0x00000000f2b00000)
  to   space 21504K, 0% used [0x00000000f0100000,0x00000000f0100000,0x00000000f1600000)
 ParOldGen       total 144896K, used 56100K [0x00000000a0000000, 0x00000000a8d80000, 0x00000000e0000000)
  object space 144896K, 38% used [0x00000000a0000000,0x00000000a36c91e0,0x00000000a8d80000)
 Metaspace       used 71974K, capacity 75171K, committed 75264K, reserved 1114112K
  class space    used 9478K, capacity 10200K, committed 10240K, reserved 1048576K
}
Event: 7571.526 GC heap before
{Heap before GC invocations=22 (full 3):
 PSYoungGen      total 277504K, used 98938K [0x00000000e0000000, 0x00000000f2b00000, 0x0000000100000000)
  eden space 263168K, 34% used [0x00000000e0000000,0x00000000e57ee6f0,0x00000000f0100000)
  from space 14336K, 62% used [0x00000000f1d00000,0x00000000f25b02a0,0x00000000f2b00000)
  to   space 21504K, 0% used [0x00000000f0100000,0x00000000f0100000,0x00000000f1600000)
 ParOldGen       total 144896K, used 56100K [0x00000000a0000000, 0x00000000a8d80000, 0x00000000e0000000)
  object space 144896K, 38% used [0x00000000a0000000,0x00000000a36c91e0,0x00000000a8d80000)
 Metaspace       used 73412K, capacity 76533K, committed 76800K, reserved 1116160K
  class space    used 9697K, capacity 10431K, committed 10496K, reserved 1048576K
Event: 7571.536 GC heap after
Heap after GC invocations=22 (full 3):
 PSYoungGen      total 270336K, used 6821K [0x00000000e0000000, 0x00000000f2a00000, 0x0000000100000000)
  eden space 263168K, 0% used [0x00000000e0000000,0x00000000e0000000,0x00000000f0100000)
  from space 7168K, 95% used [0x00000000f0100000,0x00000000f07a95b0,0x00000000f0800000)
  to   space 20992K, 0% used [0x00000000f1580000,0x00000000f1580000,0x00000000f2a00000)
 ParOldGen       total 144896K, used 56108K [0x00000000a0000000, 0x00000000a8d80000, 0x00000000e0000000)
  object space 144896K, 38% used [0x00000000a0000000,0x00000000a36cb1e0,0x00000000a8d80000)
 Metaspace       used 73412K, capacity 76533K, committed 76800K, reserved 1116160K
  class space    used 9697K, capacity 10431K, committed 10496K, reserved 1048576K
}
Event: 7571.536 GC heap before
{Heap before GC invocations=23 (full 4):
 PSYoungGen      total 270336K, used 6821K [0x00000000e0000000, 0x00000000f2a00000, 0x0000000100000000)
  eden space 263168K, 0% used [0x00000000e0000000,0x00000000e0000000,0x00000000f0100000)
  from space 7168K, 95% used [0x00000000f0100000,0x00000000f07a95b0,0x00000000f0800000)
  to   space 20992K, 0% used [0x00000000f1580000,0x00000000f1580000,0x00000000f2a00000)
 ParOldGen       total 144896K, used 56108K [0x00000000a0000000, 0x00000000a8d80000, 0x00000000e0000000)
  object space 144896K, 38% used [0x00000000a0000000,0x00000000a36cb1e0,0x00000000a8d80000)
 Metaspace       used 73412K, capacity 76533K, committed 76800K, reserved 1116160K
  class space    used 9697K, capacity 10431K, committed 10496K, reserved 1048576K
Event: 7571.915 GC heap after
Heap after GC invocations=23 (full 4):
 PSYoungGen      total 270336K, used 0K [0x00000000e0000000, 0x00000000f2a00000, 0x0000000100000000)
  eden space 263168K, 0% used [0x00000000e0000000,0x00000000e0000000,0x00000000f0100000)
  from space 7168K, 0% used [0x00000000f0100000,0x00000000f0100000,0x00000000f0800000)
  to   space 20992K, 0% used [0x00000000f1580000,0x00000000f1580000,0x00000000f2a00000)
 ParOldGen       total 144896K, used 37742K [0x00000000a0000000, 0x00000000a8d80000, 0x00000000e0000000)
  object space 144896K, 26% used [0x00000000a0000000,0x00000000a24dba20,0x00000000a8d80000)
 Metaspace       used 71607K, capacity 73963K, committed 76800K, reserved 1116160K
  class space    used 9331K, capacity 9882K, committed 10496K, reserved 1048576K
}
Event: 7727.016 GC heap before
{Heap before GC invocations=24 (full 4):
 PSYoungGen      total 270336K, used 262349K [0x00000000e0000000, 0x00000000f2a00000, 0x0000000100000000)
  eden space 263168K, 99% used [0x00000000e0000000,0x00000000f00335d0,0x00000000f0100000)
  from space 7168K, 0% used [0x00000000f0100000,0x00000000f0100000,0x00000000f0800000)
  to   space 20992K, 0% used [0x00000000f1580000,0x00000000f1580000,0x00000000f2a00000)
 ParOldGen       total 144896K, used 37742K [0x00000000a0000000, 0x00000000a8d80000, 0x00000000e0000000)
  object space 144896K, 26% used [0x00000000a0000000,0x00000000a24dba20,0x00000000a8d80000)
 Metaspace       used 79171K, capacity 82107K, committed 83072K, reserved 1122304K
  class space    used 10255K, capacity 10893K, committed 11136K, reserved 1048576K
Event: 7727.065 GC heap after
Heap after GC invocations=24 (full 4):
 PSYoungGen      total 284160K, used 20983K [0x00000000e0000000, 0x00000000f2a00000, 0x0000000100000000)
  eden space 263168K, 0% used [0x00000000e0000000,0x00000000e0000000,0x00000000f0100000)
  from space 20992K, 99% used [0x00000000f1580000,0x00000000f29fdd50,0x00000000f2a00000)
  to   space 7168K, 0% used [0x00000000f0100000,0x00000000f0100000,0x00000000f0800000)
 ParOldGen       total 144896K, used 42632K [0x00000000a0000000, 0x00000000a8d80000, 0x00000000e0000000)
  object space 144896K, 29% used [0x00000000a0000000,0x00000000a29a2198,0x00000000a8d80000)
 Metaspace       used 79171K, capacity 82107K, committed 83072K, reserved 1122304K
  class space    used 10255K, capacity 10893K, committed 11136K, reserved 1048576K
}
Event: 7729.301 GC heap before
{Heap before GC invocations=25 (full 4):
 PSYoungGen      total 284160K, used 284151K [0x00000000e0000000, 0x00000000f2a00000, 0x0000000100000000)
  eden space 263168K, 100% used [0x00000000e0000000,0x00000000f0100000,0x00000000f0100000)
  from space 20992K, 99% used [0x00000000f1580000,0x00000000f29fdd50,0x00000000f2a00000)
  to   space 7168K, 0% used [0x00000000f0100000,0x00000000f0100000,0x00000000f0800000)
 ParOldGen       total 144896K, used 42632K [0x00000000a0000000, 0x00000000a8d80000, 0x00000000e0000000)
  object space 144896K, 29% used [0x00000000a0000000,0x00000000a29a2198,0x00000000a8d80000)
 Metaspace       used 80769K, capacity 83789K, committed 84736K, reserved 1122304K
  class space    used 10435K, capacity 11092K, committed 11264K, reserved 1048576K
Event: 7729.338 GC heap after
Heap after GC invocations=25 (full 4):
 PSYoungGen      total 270336K, used 7137K [0x00000000e0000000, 0x00000000f2a00000, 0x0000000100000000)
  eden space 263168K, 0% used [0x00000000e0000000,0x00000000e0000000,0x00000000f0100000)
  from space 7168K, 99% used [0x00000000f0100000,0x00000000f07f8530,0x00000000f0800000)
  to   space 20992K, 0% used [0x00000000f1580000,0x00000000f1580000,0x00000000f2a00000)
 ParOldGen       total 144896K, used 58041K [0x00000000a0000000, 0x00000000a8d80000, 0x00000000e0000000)
  object space 144896K, 40% used [0x00000000a0000000,0x00000000a38ae650,0x00000000a8d80000)
 Metaspace       used 80769K, capacity 83789K, committed 84736K, reserved 1122304K
  class space    used 10435K, capacity 11092K, committed 11264K, reserved 1048576K
}

