# JRE version: OpenJDK Runtime Environment (8.0_152-b02) (build 1.8.0_152-release-1024-b02)
# Java VM: OpenJDK 64-Bit Server VM (25.152-b02 mixed mode windows-amd64 compressed oops)
Heap:
 PSYoungGen      total 163840K, used 150995K [0x00000000e0000000, 0x00000000edc00000, 0x0000000100000000)
  eden space 130048K, 98% used [0x00000000e0000000,0x00000000e7cabd38,0x00000000e7f00000)
  from space 33792K, 69% used [0x00000000e7f00000,0x00000000e95c9240,0x00000000ea000000)
  to   space 35328K, 0% used [0x00000000eb980000,0x00000000eb980000,0x00000000edc00000)
 ParOldGen       total 108544K, used 57196K [0x00000000a0000000, 0x00000000a6a00000, 0x00000000e0000000)
  object space 108544K, 52% used [0x00000000a0000000,0x00000000a37db170,0x00000000a6a00000)
 Metaspace       used 60585K, capacity 61845K, committed 62168K, reserved 1103872K
  class space    used 7063K, capacity 7344K, committed 7424K, reserved 1048576K
GC Heap History (10 events):
Event: 21.520 GC heap before
{Heap before GC invocations=15 (full 3):
 PSYoungGen      total 110592K, used 107730K [0x00000000e0000000, 0x00000000ea980000, 0x0000000100000000)
  eden space 80896K, 100% used [0x00000000e0000000,0x00000000e4f00000,0x00000000e4f00000)
  from space 29696K, 90% used [0x00000000e4f00000,0x00000000e69349f0,0x00000000e6c00000)
  to   space 33280K, 0% used [0x00000000e8900000,0x00000000e8900000,0x00000000ea980000)
 ParOldGen       total 108544K, used 44880K [0x00000000a0000000, 0x00000000a6a00000, 0x00000000e0000000)
  object space 108544K, 41% used [0x00000000a0000000,0x00000000a2bd4020,0x00000000a6a00000)
 Metaspace       used 54938K, capacity 55925K, committed 56064K, reserved 1097728K
  class space    used 6593K, capacity 6828K, committed 6912K, reserved 1048576K
Event: 21.564 GC heap after
Heap after GC invocations=15 (full 3):
 PSYoungGen      total 139264K, used 23139K [0x00000000e0000000, 0x00000000eaa80000, 0x0000000100000000)
  eden space 105984K, 0% used [0x00000000e0000000,0x00000000e0000000,0x00000000e6780000)
  from space 33280K, 69% used [0x00000000e8900000,0x00000000e9f98c90,0x00000000ea980000)
  to   space 34304K, 0% used [0x00000000e6780000,0x00000000e6780000,0x00000000e8900000)
 ParOldGen       total 108544K, used 55263K [0x00000000a0000000, 0x00000000a6a00000, 0x00000000e0000000)
  object space 108544K, 50% used [0x00000000a0000000,0x00000000a35f7eb0,0x00000000a6a00000)
 Metaspace       used 54938K, capacity 55925K, committed 56064K, reserved 1097728K
  class space    used 6593K, capacity 6828K, committed 6912K, reserved 1048576K
}
Event: 23.766 GC heap before
{Heap before GC invocations=16 (full 3):
 PSYoungGen      total 139264K, used 76931K [0x00000000e0000000, 0x00000000eaa80000, 0x0000000100000000)
  eden space 105984K, 50% used [0x00000000e0000000,0x00000000e3488180,0x00000000e6780000)
  from space 33280K, 69% used [0x00000000e8900000,0x00000000e9f98c90,0x00000000ea980000)
  to   space 34304K, 0% used [0x00000000e6780000,0x00000000e6780000,0x00000000e8900000)
 ParOldGen       total 108544K, used 55263K [0x00000000a0000000, 0x00000000a6a00000, 0x00000000e0000000)
  object space 108544K, 50% used [0x00000000a0000000,0x00000000a35f7eb0,0x00000000a6a00000)
 Metaspace       used 57925K, capacity 58995K, committed 59096K, reserved 1101824K
  class space    used 6854K, capacity 7089K, committed 7168K, reserved 1048576K
Event: 23.797 GC heap after
Heap after GC invocations=16 (full 3):
 PSYoungGen      total 140288K, used 16370K [0x00000000e0000000, 0x00000000ec600000, 0x0000000100000000)
  eden space 105984K, 0% used [0x00000000e0000000,0x00000000e0000000,0x00000000e6780000)
  from space 34304K, 47% used [0x00000000e6780000,0x00000000e777ca60,0x00000000e8900000)
  to   space 32768K, 0% used [0x00000000ea600000,0x00000000ea600000,0x00000000ec600000)
 ParOldGen       total 108544K, used 61357K [0x00000000a0000000, 0x00000000a6a00000, 0x00000000e0000000)
  object space 108544K, 56% used [0x00000000a0000000,0x00000000a3beb400,0x00000000a6a00000)
 Metaspace       used 57925K, capacity 58995K, committed 59096K, reserved 1101824K
  class space    used 6854K, capacity 7089K, committed 7168K, reserved 1048576K
}
Event: 23.797 GC heap before
{Heap before GC invocations=17 (full 4):
 PSYoungGen      total 140288K, used 16370K [0x00000000e0000000, 0x00000000ec600000, 0x0000000100000000)
  eden space 105984K, 0% used [0x00000000e0000000,0x00000000e0000000,0x00000000e6780000)
  from space 34304K, 47% used [0x00000000e6780000,0x00000000e777ca60,0x00000000e8900000)
  to   space 32768K, 0% used [0x00000000ea600000,0x00000000ea600000,0x00000000ec600000)
 ParOldGen       total 108544K, used 61357K [0x00000000a0000000, 0x00000000a6a00000, 0x00000000e0000000)
  object space 108544K, 56% used [0x00000000a0000000,0x00000000a3beb400,0x00000000a6a00000)
 Metaspace       used 57925K, capacity 58995K, committed 59096K, reserved 1101824K
  class space    used 6854K, capacity 7089K, committed 7168K, reserved 1048576K
Event: 24.221 GC heap after
Heap after GC invocations=17 (full 4):
 PSYoungGen      total 140288K, used 0K [0x00000000e0000000, 0x00000000ec600000, 0x0000000100000000)
  eden space 105984K, 0% used [0x00000000e0000000,0x00000000e0000000,0x00000000e6780000)
  from space 34304K, 0% used [0x00000000e6780000,0x00000000e6780000,0x00000000e8900000)
  to   space 32768K, 0% used [0x00000000ea600000,0x00000000ea600000,0x00000000ec600000)
 ParOldGen       total 108544K, used 57180K [0x00000000a0000000, 0x00000000a6a00000, 0x00000000e0000000)
  object space 108544K, 52% used [0x00000000a0000000,0x00000000a37d7170,0x00000000a6a00000)
 Metaspace       used 57925K, capacity 58995K, committed 59096K, reserved 1101824K
  class space    used 6854K, capacity 7089K, committed 7168K, reserved 1048576K
}
Event: 26.346 GC heap before
{Heap before GC invocations=18 (full 4):
 PSYoungGen      total 140288K, used 105984K [0x00000000e0000000, 0x00000000ec600000, 0x0000000100000000)
  eden space 105984K, 100% used [0x00000000e0000000,0x00000000e6780000,0x00000000e6780000)
  from space 34304K, 0% used [0x00000000e6780000,0x00000000e6780000,0x00000000e8900000)
  to   space 32768K, 0% used [0x00000000ea600000,0x00000000ea600000,0x00000000ec600000)
 ParOldGen       total 108544K, used 57180K [0x00000000a0000000, 0x00000000a6a00000, 0x00000000e0000000)
  object space 108544K, 52% used [0x00000000a0000000,0x00000000a37d7170,0x00000000a6a00000)
 Metaspace       used 58380K, capacity 59567K, committed 59608K, reserved 1101824K
  class space    used 6876K, capacity 7127K, committed 7168K, reserved 1048576K
Event: 26.351 GC heap after
Heap after GC invocations=18 (full 4):
 PSYoungGen      total 157696K, used 821K [0x00000000e0000000, 0x00000000ec100000, 0x0000000100000000)
  eden space 130048K, 0% used [0x00000000e0000000,0x00000000e0000000,0x00000000e7f00000)
  from space 27648K, 2% used [0x00000000ea600000,0x00000000ea6cd590,0x00000000ec100000)
  to   space 33792K, 0% used [0x00000000e7f00000,0x00000000e7f00000,0x00000000ea000000)
 ParOldGen       total 108544K, used 57188K [0x00000000a0000000, 0x00000000a6a00000, 0x00000000e0000000)
  object space 108544K, 52% used [0x00000000a0000000,0x00000000a37d9170,0x00000000a6a00000)
 Metaspace       used 58380K, capacity 59567K, committed 59608K, reserved 1101824K
  class space    used 6876K, capacity 7127K, committed 7168K, reserved 1048576K
}
Event: 825.797 GC heap before
{Heap before GC invocations=19 (full 4):
 PSYoungGen      total 157696K, used 130869K [0x00000000e0000000, 0x00000000ec100000, 0x0000000100000000)
  eden space 130048K, 100% used [0x00000000e0000000,0x00000000e7f00000,0x00000000e7f00000)
  from space 27648K, 2% used [0x00000000ea600000,0x00000000ea6cd590,0x00000000ec100000)
  to   space 33792K, 0% used [0x00000000e7f00000,0x00000000e7f00000,0x00000000ea000000)
 ParOldGen       total 108544K, used 57188K [0x00000000a0000000, 0x00000000a6a00000, 0x00000000e0000000)
  object space 108544K, 52% used [0x00000000a0000000,0x00000000a37d9170,0x00000000a6a00000)
 Metaspace       used 59778K, capacity 61009K, committed 61144K, reserved 1103872K
  class space    used 6997K, capacity 7302K, committed 7424K, reserved 1048576K
Event: 825.848 GC heap after
Heap after GC invocations=19 (full 4):
 PSYoungGen      total 163840K, used 23332K [0x00000000e0000000, 0x00000000edc00000, 0x0000000100000000)
  eden space 130048K, 0% used [0x00000000e0000000,0x00000000e0000000,0x00000000e7f00000)
  from space 33792K, 69% used [0x00000000e7f00000,0x00000000e95c9240,0x00000000ea000000)
  to   space 35328K, 0% used [0x00000000eb980000,0x00000000eb980000,0x00000000edc00000)
 ParOldGen       total 108544K, used 57196K [0x00000000a0000000, 0x00000000a6a00000, 0x00000000e0000000)
  object space 108544K, 52% used [0x00000000a0000000,0x00000000a37db170,0x00000000a6a00000)
 Metaspace       used 59778K, capacity 61009K, committed 61144K, reserved 1103872K
  class space    used 6997K, capacity 7302K, committed 7424K, reserved 1048576K
}

